Detecting adapter sequence for read1...
No adapter detected for read1

Detecting adapter sequence for read2...
No adapter detected for read2

Read1 before filtering:
total reads: 885305
total bases: 128194999
Q20 bases: 124138670(96.8358%)
Q30 bases: 118741247(92.6255%)

Read2 before filtering:
total reads: 885305
total bases: 128194435
Q20 bases: 122853061(95.8334%)
Q30 bases: 116230353(90.6672%)

Read1 after filtering:
total reads: 880936
total bases: 127548195
Q20 bases: 123660869(96.9523%)
Q30 bases: 118339830(92.7805%)

Read2 after filtering:
total reads: 880936
total bases: 127522977
Q20 bases: 122464564(96.0333%)
Q30 bases: 115939348(90.9164%)

Filtering result:
reads passed filter: 1761872
reads failed due to low quality: 8332
reads failed due to too many N: 406
reads failed due to too short: 0
reads with adapter trimmed: 3222
bases trimmed due to adapters: 53591

Duplication rate: 9.0693%

Insert size peak (evaluated by paired-end reads): 247

JSON report: test1.fastp.json
HTML report: test1.fastp.html

fastp --in1 test1_1.fastq.gz --in2 test1_2.fastq.gz --out1 test1_1.fastp.fastq.gz --out2 test1_2.fastp.fastq.gz --json test1.fastp.json --html test1.fastp.html --thread 6 --detect_adapter_for_pe 
fastp v0.23.4, time used: 22 seconds
